INFO  2016-06-30 File [/home/ttnd/sumit/GrailsProject/LinkSharing/grails-app/conf/Config.groovy] changed. Applying changes to application.
WARN  2016-06-30 [WARNING] Property [admin] of domain class com.ttnd.linksharing.User has type [java.lang.Boolean] and doesn't support constraint [blank]. This constraint will not be checked during validation.
WARN  2016-06-30 [WARNING] Property [active] of domain class com.ttnd.linksharing.User has type [java.lang.Boolean] and doesn't support constraint [blank]. This constraint will not be checked during validation.
WARN  2016-06-30 [WARNING] Property [topics] of domain class com.ttnd.linksharing.User has type [java.util.Set] and doesn't support constraint [blank]. This constraint will not be checked during validation.
INFO  2016-06-30 File [/home/ttnd/sumit/GrailsProject/LinkSharing/grails-app/conf/Config.groovy] changed. Applying changes to application.
WARN  2016-06-30 [WARNING] Property [admin] of domain class com.ttnd.linksharing.User has type [java.lang.Boolean] and doesn't support constraint [blank]. This constraint will not be checked during validation.
WARN  2016-06-30 [WARNING] Property [active] of domain class com.ttnd.linksharing.User has type [java.lang.Boolean] and doesn't support constraint [blank]. This constraint will not be checked during validation.
WARN  2016-06-30 [WARNING] Property [topics] of domain class com.ttnd.linksharing.User has type [java.util.Set] and doesn't support constraint [blank]. This constraint will not be checked during validation.
INFO  2016-06-30 Clearing static property staticGormStaticApi in com.ttnd.linksharing.DocumentResource
INFO  2016-06-30 Clearing static property instanceGormInstanceApi in com.ttnd.linksharing.DocumentResource
INFO  2016-06-30 Clearing static property instanceGormValidationApi in com.ttnd.linksharing.DocumentResource
INFO  2016-06-30 Clearing static property staticGormStaticApi in com.ttnd.linksharing.Resource
INFO  2016-06-30 Clearing static property instanceGormInstanceApi in com.ttnd.linksharing.Resource
INFO  2016-06-30 Clearing static property instanceGormValidationApi in com.ttnd.linksharing.Resource
INFO  2016-06-30 Clearing static property staticGormStaticApi in com.ttnd.linksharing.Subscription
INFO  2016-06-30 Clearing static property instanceGormInstanceApi in com.ttnd.linksharing.Subscription
INFO  2016-06-30 Clearing static property instanceGormValidationApi in com.ttnd.linksharing.Subscription
INFO  2016-06-30 Clearing static property instanceGormValidationApi in com.ttnd.linksharing.User
INFO  2016-06-30 Clearing static property staticGormStaticApi in com.ttnd.linksharing.User
INFO  2016-06-30 Clearing static property instanceGormInstanceApi in com.ttnd.linksharing.User
INFO  2016-06-30 Clearing static property staticGormStaticApi in com.ttnd.linksharing.LinkResource
INFO  2016-06-30 Clearing static property instanceGormInstanceApi in com.ttnd.linksharing.LinkResource
INFO  2016-06-30 Clearing static property instanceGormValidationApi in com.ttnd.linksharing.LinkResource
INFO  2016-06-30 Clearing static property staticGormStaticApi in com.ttnd.linksharing.ResourceRating
INFO  2016-06-30 Clearing static property instanceGormInstanceApi in com.ttnd.linksharing.ResourceRating
INFO  2016-06-30 Clearing static property instanceGormValidationApi in com.ttnd.linksharing.ResourceRating
INFO  2016-06-30 Clearing static property staticGormStaticApi in com.ttnd.linksharing.Topic
INFO  2016-06-30 Clearing static property instanceGormInstanceApi in com.ttnd.linksharing.Topic
INFO  2016-06-30 Clearing static property instanceGormValidationApi in com.ttnd.linksharing.Topic
INFO  2016-06-30 Clearing static property staticGormStaticApi in com.ttnd.linksharing.ReadingItem
INFO  2016-06-30 Clearing static property instanceGormInstanceApi in com.ttnd.linksharing.ReadingItem
INFO  2016-06-30 Clearing static property instanceGormValidationApi in com.ttnd.linksharing.ReadingItem
INFO  2016-06-30 Loading default config file: class DefaultWebXmlConfig
WARN  2016-06-30 Did not find application config file: WebXmlConfig
INFO  2016-06-30 Loading default config file: class DefaultWebXmlConfig
WARN  2016-06-30 Did not find application config file: WebXmlConfig
INFO  2016-06-30 Initializing Spring root WebApplicationContext
INFO  2016-06-30 Set db generation strategy to 'update' for datasource DEFAULT
INFO  2016-06-30 postProcessBeanDefinitionRegistry start
INFO  2016-06-30 postProcessBeanFactory
WARN  2016-06-30 [WARNING] Property [admin] of domain class com.ttnd.linksharing.User has type [java.lang.Boolean] and doesn't support constraint [blank]. This constraint will not be checked during validation.
WARN  2016-06-30 [WARNING] Property [active] of domain class com.ttnd.linksharing.User has type [java.lang.Boolean] and doesn't support constraint [blank]. This constraint will not be checked during validation.
WARN  2016-06-30 [WARNING] Property [topics] of domain class com.ttnd.linksharing.User has type [java.util.Set] and doesn't support constraint [blank]. This constraint will not be checked during validation.
WARN  2016-06-30 No configuration found. Configuring ehcache from ehcache-failsafe.xml  found in the classpath: jar:file:/home/ttnd/.m2/repository/net/sf/ehcache/ehcache/2.9.0/ehcache-2.9.0.jar!/ehcache-failsafe.xml
INFO  2016-06-30 Scaffolding template generator set to use resource loader [org.codehaus.groovy.grails.commons.spring.GrailsWebApplicationContext@c03c6b5: startup date [Thu Jun 30 16:49:32 IST 2016]; parent: Root WebApplicationContext]
INFO  2016-06-30 updateOnStart disabled for dataSource; not running migrations
INFO  2016-06-30 configuring scaffolding...
INFO  2016-06-30 done configuring scaffolding.
WARN  2016-06-30 [WARNING] Property [admin] of domain class com.ttnd.linksharing.User has type [java.lang.Boolean] and doesn't support constraint [blank]. This constraint will not be checked during validation.
WARN  2016-06-30 [WARNING] Property [active] of domain class com.ttnd.linksharing.User has type [java.lang.Boolean] and doesn't support constraint [blank]. This constraint will not be checked during validation.
WARN  2016-06-30 [WARNING] Property [topics] of domain class com.ttnd.linksharing.User has type [java.util.Set] and doesn't support constraint [blank]. This constraint will not be checked during validation.
INFO  2016-06-30 [GrailsContextLoader] Grails application loaded.
ERROR 2016-06-30 Errors Occurred : grails.validation.ValidationErrors: 2 errors
Field error in object 'com.ttnd.linksharing.User' on field 'email': rejected value [sumit.ttnd+999@gmail.com]; codes [com.ttnd.linksharing.User.email.unique.error.com.ttnd.linksharing.User.email,com.ttnd.linksharing.User.email.unique.error.email,com.ttnd.linksharing.User.email.unique.error.java.lang.String,com.ttnd.linksharing.User.email.unique.error,user.email.unique.error.com.ttnd.linksharing.User.email,user.email.unique.error.email,user.email.unique.error.java.lang.String,user.email.unique.error,com.ttnd.linksharing.User.email.unique.com.ttnd.linksharing.User.email,com.ttnd.linksharing.User.email.unique.email,com.ttnd.linksharing.User.email.unique.java.lang.String,com.ttnd.linksharing.User.email.unique,user.email.unique.com.ttnd.linksharing.User.email,user.email.unique.email,user.email.unique.java.lang.String,user.email.unique,unique.com.ttnd.linksharing.User.email,unique.email,unique.java.lang.String,unique]; arguments [email,class com.ttnd.linksharing.User,sumit.ttnd+999@gmail.com]; default message [Property [{0}] of class [{1}] with value [{2}] must be unique]
Field error in object 'com.ttnd.linksharing.User' on field 'userName': rejected value [adminuser]; codes [com.ttnd.linksharing.User.userName.unique.error.com.ttnd.linksharing.User.userName,com.ttnd.linksharing.User.userName.unique.error.userName,com.ttnd.linksharing.User.userName.unique.error.java.lang.String,com.ttnd.linksharing.User.userName.unique.error,user.userName.unique.error.com.ttnd.linksharing.User.userName,user.userName.unique.error.userName,user.userName.unique.error.java.lang.String,user.userName.unique.error,com.ttnd.linksharing.User.userName.unique.com.ttnd.linksharing.User.userName,com.ttnd.linksharing.User.userName.unique.userName,com.ttnd.linksharing.User.userName.unique.java.lang.String,com.ttnd.linksharing.User.userName.unique,user.userName.unique.com.ttnd.linksharing.User.userName,user.userName.unique.userName,user.userName.unique.java.lang.String,user.userName.unique,unique.com.ttnd.linksharing.User.userName,unique.userName,unique.java.lang.String,unique]; arguments [userName,class com.ttnd.linksharing.User,adminuser]; default message [Property [{0}] of class [{1}] with value [{2}] must be unique]
ERROR 2016-06-30 Errors Occurred : grails.validation.ValidationErrors: 2 errors
Field error in object 'com.ttnd.linksharing.User' on field 'email': rejected value [sumit.ttnd+1@gmail.com]; codes [com.ttnd.linksharing.User.email.unique.error.com.ttnd.linksharing.User.email,com.ttnd.linksharing.User.email.unique.error.email,com.ttnd.linksharing.User.email.unique.error.java.lang.String,com.ttnd.linksharing.User.email.unique.error,user.email.unique.error.com.ttnd.linksharing.User.email,user.email.unique.error.email,user.email.unique.error.java.lang.String,user.email.unique.error,com.ttnd.linksharing.User.email.unique.com.ttnd.linksharing.User.email,com.ttnd.linksharing.User.email.unique.email,com.ttnd.linksharing.User.email.unique.java.lang.String,com.ttnd.linksharing.User.email.unique,user.email.unique.com.ttnd.linksharing.User.email,user.email.unique.email,user.email.unique.java.lang.String,user.email.unique,unique.com.ttnd.linksharing.User.email,unique.email,unique.java.lang.String,unique]; arguments [email,class com.ttnd.linksharing.User,sumit.ttnd+1@gmail.com]; default message [Property [{0}] of class [{1}] with value [{2}] must be unique]
Field error in object 'com.ttnd.linksharing.User' on field 'userName': rejected value [sumitmittal1]; codes [com.ttnd.linksharing.User.userName.unique.error.com.ttnd.linksharing.User.userName,com.ttnd.linksharing.User.userName.unique.error.userName,com.ttnd.linksharing.User.userName.unique.error.java.lang.String,com.ttnd.linksharing.User.userName.unique.error,user.userName.unique.error.com.ttnd.linksharing.User.userName,user.userName.unique.error.userName,user.userName.unique.error.java.lang.String,user.userName.unique.error,com.ttnd.linksharing.User.userName.unique.com.ttnd.linksharing.User.userName,com.ttnd.linksharing.User.userName.unique.userName,com.ttnd.linksharing.User.userName.unique.java.lang.String,com.ttnd.linksharing.User.userName.unique,user.userName.unique.com.ttnd.linksharing.User.userName,user.userName.unique.userName,user.userName.unique.java.lang.String,user.userName.unique,unique.com.ttnd.linksharing.User.userName,unique.userName,unique.java.lang.String,unique]; arguments [userName,class com.ttnd.linksharing.User,sumitmittal1]; default message [Property [{0}] of class [{1}] with value [{2}] must be unique]
ERROR 2016-06-30 Errors Occurred : grails.validation.ValidationErrors: 2 errors
Field error in object 'com.ttnd.linksharing.User' on field 'email': rejected value [sumit.ttnd+2@gmail.com]; codes [com.ttnd.linksharing.User.email.unique.error.com.ttnd.linksharing.User.email,com.ttnd.linksharing.User.email.unique.error.email,com.ttnd.linksharing.User.email.unique.error.java.lang.String,com.ttnd.linksharing.User.email.unique.error,user.email.unique.error.com.ttnd.linksharing.User.email,user.email.unique.error.email,user.email.unique.error.java.lang.String,user.email.unique.error,com.ttnd.linksharing.User.email.unique.com.ttnd.linksharing.User.email,com.ttnd.linksharing.User.email.unique.email,com.ttnd.linksharing.User.email.unique.java.lang.String,com.ttnd.linksharing.User.email.unique,user.email.unique.com.ttnd.linksharing.User.email,user.email.unique.email,user.email.unique.java.lang.String,user.email.unique,unique.com.ttnd.linksharing.User.email,unique.email,unique.java.lang.String,unique]; arguments [email,class com.ttnd.linksharing.User,sumit.ttnd+2@gmail.com]; default message [Property [{0}] of class [{1}] with value [{2}] must be unique]
Field error in object 'com.ttnd.linksharing.User' on field 'userName': rejected value [sumitmittal2]; codes [com.ttnd.linksharing.User.userName.unique.error.com.ttnd.linksharing.User.userName,com.ttnd.linksharing.User.userName.unique.error.userName,com.ttnd.linksharing.User.userName.unique.error.java.lang.String,com.ttnd.linksharing.User.userName.unique.error,user.userName.unique.error.com.ttnd.linksharing.User.userName,user.userName.unique.error.userName,user.userName.unique.error.java.lang.String,user.userName.unique.error,com.ttnd.linksharing.User.userName.unique.com.ttnd.linksharing.User.userName,com.ttnd.linksharing.User.userName.unique.userName,com.ttnd.linksharing.User.userName.unique.java.lang.String,com.ttnd.linksharing.User.userName.unique,user.userName.unique.com.ttnd.linksharing.User.userName,user.userName.unique.userName,user.userName.unique.java.lang.String,user.userName.unique,unique.com.ttnd.linksharing.User.userName,unique.userName,unique.java.lang.String,unique]; arguments [userName,class com.ttnd.linksharing.User,sumitmittal2]; default message [Property [{0}] of class [{1}] with value [{2}] must be unique]
ERROR 2016-06-30 Errors Occurred : grails.validation.ValidationErrors: 2 errors
Field error in object 'com.ttnd.linksharing.User' on field 'email': rejected value [sumit.ttnd+3@gmail.com]; codes [com.ttnd.linksharing.User.email.unique.error.com.ttnd.linksharing.User.email,com.ttnd.linksharing.User.email.unique.error.email,com.ttnd.linksharing.User.email.unique.error.java.lang.String,com.ttnd.linksharing.User.email.unique.error,user.email.unique.error.com.ttnd.linksharing.User.email,user.email.unique.error.email,user.email.unique.error.java.lang.String,user.email.unique.error,com.ttnd.linksharing.User.email.unique.com.ttnd.linksharing.User.email,com.ttnd.linksharing.User.email.unique.email,com.ttnd.linksharing.User.email.unique.java.lang.String,com.ttnd.linksharing.User.email.unique,user.email.unique.com.ttnd.linksharing.User.email,user.email.unique.email,user.email.unique.java.lang.String,user.email.unique,unique.com.ttnd.linksharing.User.email,unique.email,unique.java.lang.String,unique]; arguments [email,class com.ttnd.linksharing.User,sumit.ttnd+3@gmail.com]; default message [Property [{0}] of class [{1}] with value [{2}] must be unique]
Field error in object 'com.ttnd.linksharing.User' on field 'userName': rejected value [sumitmittal3]; codes [com.ttnd.linksharing.User.userName.unique.error.com.ttnd.linksharing.User.userName,com.ttnd.linksharing.User.userName.unique.error.userName,com.ttnd.linksharing.User.userName.unique.error.java.lang.String,com.ttnd.linksharing.User.userName.unique.error,user.userName.unique.error.com.ttnd.linksharing.User.userName,user.userName.unique.error.userName,user.userName.unique.error.java.lang.String,user.userName.unique.error,com.ttnd.linksharing.User.userName.unique.com.ttnd.linksharing.User.userName,com.ttnd.linksharing.User.userName.unique.userName,com.ttnd.linksharing.User.userName.unique.java.lang.String,com.ttnd.linksharing.User.userName.unique,user.userName.unique.com.ttnd.linksharing.User.userName,user.userName.unique.userName,user.userName.unique.java.lang.String,user.userName.unique,unique.com.ttnd.linksharing.User.userName,unique.userName,unique.java.lang.String,unique]; arguments [userName,class com.ttnd.linksharing.User,sumitmittal3]; default message [Property [{0}] of class [{1}] with value [{2}] must be unique]
INFO  2016-06-30 Initializing Spring FrameworkServlet 'grails'
INFO  2016-06-30 Starting ProtocolHandler ["http-bio-8080"]
INFO  2016-06-30 Initializing Spring FrameworkServlet 'grails-errorhandler'
INFO  2016-06-30 Initializing Spring FrameworkServlet 'gsp'
INFO  2016-06-30 GSP servlet initialized
